Performing C SOURCE FILE Test C_SUPPORTS_WERROR_UNGUARDED_AVAILABILITY_NEW failed with the following output:
Change Dir: /home/ether-wind/pony_compiler/build/CMakeFiles/CMakeTmp

Run Build Command(s):/home/ether-wind/.local/bin/ninja cmTC_e9c12 && [1/2] Building C object CMakeFiles/cmTC_e9c12.dir/src.c.o
FAILED: CMakeFiles/cmTC_e9c12.dir/src.c.o 
/usr/bin/cc -DC_SUPPORTS_WERROR_UNGUARDED_AVAILABILITY_NEW  -fPIC -fno-semantic-interposition -Werror=date-time    -Werror -Werror=unguarded-availability-new -o CMakeFiles/cmTC_e9c12.dir/src.c.o -c /home/ether-wind/pony_compiler/build/CMakeFiles/CMakeTmp/src.c
cc1: error: '-Werror=unguarded-availability-new': no option '-Wunguarded-availability-new'
ninja: build stopped: subcommand failed.


Source file was:
int main(void) { return 0; }
Performing C++ SOURCE FILE Test CXX_SUPPORTS_WERROR_UNGUARDED_AVAILABILITY_NEW failed with the following output:
Change Dir: /home/ether-wind/pony_compiler/build/CMakeFiles/CMakeTmp

Run Build Command(s):/home/ether-wind/.local/bin/ninja cmTC_37cbd && [1/2] Building CXX object CMakeFiles/cmTC_37cbd.dir/src.cxx.o
FAILED: CMakeFiles/cmTC_37cbd.dir/src.cxx.o 
/usr/bin/c++ -DCXX_SUPPORTS_WERROR_UNGUARDED_AVAILABILITY_NEW  -fPIC -fno-semantic-interposition -fvisibility-inlines-hidden -Werror=date-time    -Werror -Werror=unguarded-availability-new -std=gnu++14 -o CMakeFiles/cmTC_37cbd.dir/src.cxx.o -c /home/ether-wind/pony_compiler/build/CMakeFiles/CMakeTmp/src.cxx
cc1plus: error: '-Werror=unguarded-availability-new': no option '-Wunguarded-availability-new'
ninja: build stopped: subcommand failed.


Source file was:
int main() { return 0; }
Performing C SOURCE FILE Test C_SUPPORTS_COVERED_SWITCH_DEFAULT_FLAG failed with the following output:
Change Dir: /home/ether-wind/pony_compiler/build/CMakeFiles/CMakeTmp

Run Build Command(s):/home/ether-wind/.local/bin/ninja cmTC_162ab && [1/2] Building C object CMakeFiles/cmTC_162ab.dir/src.c.o
FAILED: CMakeFiles/cmTC_162ab.dir/src.c.o 
/usr/bin/cc -DC_SUPPORTS_COVERED_SWITCH_DEFAULT_FLAG  -fPIC -fno-semantic-interposition -Werror=date-time -Wall -Wextra -Wno-unused-parameter -Wwrite-strings -Wno-missing-field-initializers -Wimplicit-fallthrough    -Werror -Wcovered-switch-default -o CMakeFiles/cmTC_162ab.dir/src.c.o -c /home/ether-wind/pony_compiler/build/CMakeFiles/CMakeTmp/src.c
cc: error: unrecognized command-line option '-Wcovered-switch-default'; did you mean '-Wno-switch-default'?
ninja: build stopped: subcommand failed.


Source file was:
int main(void) { return 0; }
Performing C++ SOURCE FILE Test CXX_SUPPORTS_COVERED_SWITCH_DEFAULT_FLAG failed with the following output:
Change Dir: /home/ether-wind/pony_compiler/build/CMakeFiles/CMakeTmp

Run Build Command(s):/home/ether-wind/.local/bin/ninja cmTC_4cc9b && [1/2] Building CXX object CMakeFiles/cmTC_4cc9b.dir/src.cxx.o
FAILED: CMakeFiles/cmTC_4cc9b.dir/src.cxx.o 
/usr/bin/c++ -DCXX_SUPPORTS_COVERED_SWITCH_DEFAULT_FLAG  -fPIC -fno-semantic-interposition -fvisibility-inlines-hidden -Werror=date-time -Wall -Wextra -Wno-unused-parameter -Wwrite-strings -Wcast-qual -Wno-missing-field-initializers -Wimplicit-fallthrough    -Werror -Wcovered-switch-default -std=gnu++14 -o CMakeFiles/cmTC_4cc9b.dir/src.cxx.o -c /home/ether-wind/pony_compiler/build/CMakeFiles/CMakeTmp/src.cxx
c++: error: unrecognized command-line option '-Wcovered-switch-default'; did you mean '-Wno-switch-default'?
ninja: build stopped: subcommand failed.


Source file was:
int main() { return 0; }
Performing C++ SOURCE FILE Test CXX_WONT_WARN_ON_FINAL_NONVIRTUALDTOR failed with the following output:
Change Dir: /home/ether-wind/pony_compiler/build/CMakeFiles/CMakeTmp

Run Build Command(s):/home/ether-wind/.local/bin/ninja cmTC_d6b56 && [1/2] Building CXX object CMakeFiles/cmTC_d6b56.dir/src.cxx.o
FAILED: CMakeFiles/cmTC_d6b56.dir/src.cxx.o 
/usr/bin/c++ -DCXX_WONT_WARN_ON_FINAL_NONVIRTUALDTOR  -fPIC -fno-semantic-interposition -fvisibility-inlines-hidden -Werror=date-time -Wall -Wextra -Wno-unused-parameter -Wwrite-strings -Wcast-qual -Wno-missing-field-initializers -Wimplicit-fallthrough -Wno-class-memaccess -Wno-redundant-move -Wno-pessimizing-move -Wno-noexcept-type  -Werror=non-virtual-dtor -std=gnu++14 -o CMakeFiles/cmTC_d6b56.dir/src.cxx.o -c /home/ether-wind/pony_compiler/build/CMakeFiles/CMakeTmp/src.cxx
/home/ether-wind/pony_compiler/build/CMakeFiles/CMakeTmp/src.cxx:2:36: error: ‘class base’ has virtual functions and accessible non-virtual destructor [-Werror=non-virtual-dtor]
    2 |                              class base {friend f; public: virtual void anchor();protected: ~base();};
      |                                    ^~~~
cc1plus: some warnings being treated as errors
ninja: build stopped: subcommand failed.


Source file was:
class f {};
                             class base {friend f; public: virtual void anchor();protected: ~base();};
                             int main() { return 0; }
Performing C SOURCE FILE Test C_WCOMMENT_ALLOWS_LINE_WRAP failed with the following output:
Change Dir: /home/ether-wind/pony_compiler/build/CMakeFiles/CMakeTmp

Run Build Command(s):/home/ether-wind/.local/bin/ninja cmTC_70ba3 && [1/2] Building C object CMakeFiles/cmTC_70ba3.dir/src.c.o
FAILED: CMakeFiles/cmTC_70ba3.dir/src.c.o 
/usr/bin/cc -DC_WCOMMENT_ALLOWS_LINE_WRAP  -fPIC -fno-semantic-interposition -Werror=date-time -Wall -Wextra -Wno-unused-parameter -Wwrite-strings -Wno-missing-field-initializers -Wimplicit-fallthrough  -Werror -Wcomment -o CMakeFiles/cmTC_70ba3.dir/src.c.o -c /home/ether-wind/pony_compiler/build/CMakeFiles/CMakeTmp/src.c
/home/ether-wind/pony_compiler/build/CMakeFiles/CMakeTmp/src.c:1:1: error: multi-line comment [-Werror=comment]
    1 | // \
      | ^
cc1: all warnings being treated as errors
ninja: build stopped: subcommand failed.


Source file was:
// \
//
int main() {return 0;}
Performing C SOURCE FILE Test C_SUPPORTS_STRING_CONVERSION_FLAG failed with the following output:
Change Dir: /home/ether-wind/pony_compiler/build/CMakeFiles/CMakeTmp

Run Build Command(s):/home/ether-wind/.local/bin/ninja cmTC_2d3fb && [1/2] Building C object CMakeFiles/cmTC_2d3fb.dir/src.c.o
FAILED: CMakeFiles/cmTC_2d3fb.dir/src.c.o 
/usr/bin/cc -DC_SUPPORTS_STRING_CONVERSION_FLAG  -fPIC -fno-semantic-interposition -Werror=date-time -Wall -Wextra -Wno-unused-parameter -Wwrite-strings -Wno-missing-field-initializers -Wimplicit-fallthrough -Wno-comment    -Werror -Wstring-conversion -o CMakeFiles/cmTC_2d3fb.dir/src.c.o -c /home/ether-wind/pony_compiler/build/CMakeFiles/CMakeTmp/src.c
cc: error: unrecognized command-line option '-Wstring-conversion'; did you mean '-Wsign-conversion'?
ninja: build stopped: subcommand failed.


Source file was:
int main(void) { return 0; }
Performing C++ SOURCE FILE Test CXX_SUPPORTS_STRING_CONVERSION_FLAG failed with the following output:
Change Dir: /home/ether-wind/pony_compiler/build/CMakeFiles/CMakeTmp

Run Build Command(s):/home/ether-wind/.local/bin/ninja cmTC_4ea5b && [1/2] Building CXX object CMakeFiles/cmTC_4ea5b.dir/src.cxx.o
FAILED: CMakeFiles/cmTC_4ea5b.dir/src.cxx.o 
/usr/bin/c++ -DCXX_SUPPORTS_STRING_CONVERSION_FLAG  -fPIC -fno-semantic-interposition -fvisibility-inlines-hidden -Werror=date-time -Wall -Wextra -Wno-unused-parameter -Wwrite-strings -Wcast-qual -Wno-missing-field-initializers -Wimplicit-fallthrough -Wno-class-memaccess -Wno-redundant-move -Wno-pessimizing-move -Wno-noexcept-type -Wdelete-non-virtual-dtor -Wsuggest-override -Wno-comment    -Werror -Wstring-conversion -std=gnu++14 -o CMakeFiles/cmTC_4ea5b.dir/src.cxx.o -c /home/ether-wind/pony_compiler/build/CMakeFiles/CMakeTmp/src.cxx
c++: error: unrecognized command-line option '-Wstring-conversion'; did you mean '-Wsign-conversion'?
ninja: build stopped: subcommand failed.


Source file was:
int main() { return 0; }
Performing C++ SOURCE FILE Test LINKER_SUPPORTS_COLOR_DIAGNOSTICS failed with the following output:
Change Dir: /home/ether-wind/pony_compiler/build/CMakeFiles/CMakeTmp

Run Build Command(s):/home/ether-wind/.local/bin/ninja cmTC_e35df && [1/2] Building CXX object CMakeFiles/cmTC_e35df.dir/src.cxx.o
[2/2] Linking CXX executable cmTC_e35df
FAILED: cmTC_e35df 
: && /usr/bin/c++ -fPIC -fno-semantic-interposition -fvisibility-inlines-hidden -Werror=date-time -Wall -Wextra -Wno-unused-parameter -Wwrite-strings -Wcast-qual -Wno-missing-field-initializers -Wimplicit-fallthrough -Wno-class-memaccess -Wno-redundant-move -Wno-pessimizing-move -Wno-noexcept-type -Wdelete-non-virtual-dtor -Wsuggest-override -Wno-comment -Wmisleading-indentation -fdiagnostics-color -Wl,--color-diagnostics CMakeFiles/cmTC_e35df.dir/src.cxx.o -o cmTC_e35df   && :
/usr/bin/ld: unrecognized option '--color-diagnostics'
/usr/bin/ld: use the --help option for usage information
collect2: error: ld returned 1 exit status
ninja: build stopped: subcommand failed.


Source file was:
int main() { return 0; }
Determining if the os_signpost_interval_begin exist failed with the following output:
Change Dir: /home/ether-wind/pony_compiler/build/CMakeFiles/CMakeTmp

Run Build Command(s):/home/ether-wind/.local/bin/ninja cmTC_f499d && [1/2] Building C object CMakeFiles/cmTC_f499d.dir/CheckSymbolExists.c.o
FAILED: CMakeFiles/cmTC_f499d.dir/CheckSymbolExists.c.o 
/usr/bin/cc   -fPIC -fno-semantic-interposition -Wall -Wextra -Wno-unused-parameter -Wwrite-strings -Wno-missing-field-initializers -Wimplicit-fallthrough -Wno-comment -Wmisleading-indentation -fdiagnostics-color -ffunction-sections -fdata-sections -o CMakeFiles/cmTC_f499d.dir/CheckSymbolExists.c.o -c /home/ether-wind/pony_compiler/build/CMakeFiles/CMakeTmp/CheckSymbolExists.c
/home/ether-wind/pony_compiler/build/CMakeFiles/CMakeTmp/CheckSymbolExists.c:2:10: fatal error: os/signpost.h: No such file or directory
    2 | #include <os/signpost.h>
      |          ^~~~~~~~~~~~~~~
compilation terminated.
ninja: build stopped: subcommand failed.


File /home/ether-wind/pony_compiler/build/CMakeFiles/CMakeTmp/CheckSymbolExists.c:
/* */
#include <os/signpost.h>

int main(int argc, char** argv)
{
  (void)argv;
#ifndef os_signpost_interval_begin
  return ((int*)(&os_signpost_interval_begin))[argc];
#else
  (void)argc;
  return 0;
#endif
}
